{"C:\\Users\\Kseni\\3_jaar\\Web_Expert\\Web_expert_wp3\\vb2\\controllers\\securityController.js": {"path":"C:\\Users\\Kseni\\3_jaar\\Web_Expert\\Web_expert_wp3\\vb2\\controllers\\securityController.js","statementMap":{"0":{"start":{"line":1,"column":20},"end":{"line":1,"column":54}},"1":{"start":{"line":2,"column":24},"end":{"line":2,"column":62}},"2":{"start":{"line":3,"column":12},"end":{"line":3,"column":35}},"3":{"start":{"line":4,"column":19},"end":{"line":4,"column":41}},"4":{"start":{"line":5,"column":23},"end":{"line":5,"column":49}},"5":{"start":{"line":7,"column":0},"end":{"line":34,"column":2}},"6":{"start":{"line":8,"column":4},"end":{"line":33,"column":5}},"7":{"start":{"line":9,"column":23},"end":{"line":9,"column":26}},"8":{"start":{"line":10,"column":25},"end":{"line":10,"column":42}},"9":{"start":{"line":11,"column":25},"end":{"line":11,"column":42}},"10":{"start":{"line":12,"column":19},"end":{"line":12,"column":82}},"11":{"start":{"line":13,"column":22},"end":{"line":17,"column":9}},"12":{"start":{"line":18,"column":8},"end":{"line":22,"column":10}},"13":{"start":{"line":23,"column":8},"end":{"line":28,"column":10}},"14":{"start":{"line":29,"column":8},"end":{"line":29,"column":40}},"15":{"start":{"line":32,"column":8},"end":{"line":32,"column":18}},"16":{"start":{"line":36,"column":0},"end":{"line":45,"column":2}},"17":{"start":{"line":37,"column":4},"end":{"line":44,"column":5}},"18":{"start":{"line":38,"column":23},"end":{"line":38,"column":26}},"19":{"start":{"line":39,"column":8},"end":{"line":39,"column":33}},"20":{"start":{"line":40,"column":8},"end":{"line":40,"column":36}},"21":{"start":{"line":43,"column":8},"end":{"line":43,"column":18}},"22":{"start":{"line":47,"column":0},"end":{"line":57,"column":2}},"23":{"start":{"line":48,"column":4},"end":{"line":56,"column":5}},"24":{"start":{"line":49,"column":23},"end":{"line":49,"column":26}},"25":{"start":{"line":50,"column":19},"end":{"line":50,"column":41}},"26":{"start":{"line":51,"column":21},"end":{"line":51,"column":51}},"27":{"start":{"line":52,"column":8},"end":{"line":52,"column":40}},"28":{"start":{"line":55,"column":8},"end":{"line":55,"column":18}}},"fnMap":{"0":{"name":"(anonymous_0)","decl":{"start":{"line":7,"column":23},"end":{"line":7,"column":24}},"loc":{"start":{"line":7,"column":54},"end":{"line":34,"column":1}},"line":7},"1":{"name":"(anonymous_1)","decl":{"start":{"line":36,"column":24},"end":{"line":36,"column":25}},"loc":{"start":{"line":36,"column":55},"end":{"line":45,"column":1}},"line":36},"2":{"name":"(anonymous_2)","decl":{"start":{"line":47,"column":28},"end":{"line":47,"column":29}},"loc":{"start":{"line":47,"column":59},"end":{"line":57,"column":1}},"line":47}},"branchMap":{},"s":{"0":1,"1":1,"2":1,"3":1,"4":1,"5":1,"6":16,"7":16,"8":16,"9":16,"10":16,"11":14,"12":14,"13":14,"14":14,"15":2,"16":1,"17":0,"18":0,"19":0,"20":0,"21":0,"22":1,"23":0,"24":0,"25":0,"26":0,"27":0,"28":0},"f":{"0":16,"1":0,"2":0},"b":{},"_coverageSchema":"1a1c01bbd47fc00a2c39e90264f33305004495a9","hash":"9702ac321048f1d8db2b3f11af28ef72d7797997"}
,"C:\\Users\\Kseni\\3_jaar\\Web_Expert\\Web_expert_wp3\\vb2\\controllers\\userController.js": {"path":"C:\\Users\\Kseni\\3_jaar\\Web_Expert\\Web_expert_wp3\\vb2\\controllers\\userController.js","statementMap":{"0":{"start":{"line":1,"column":20},"end":{"line":1,"column":54}},"1":{"start":{"line":2,"column":20},"end":{"line":2,"column":54}},"2":{"start":{"line":4,"column":0},"end":{"line":14,"column":2}},"3":{"start":{"line":5,"column":4},"end":{"line":13,"column":5}},"4":{"start":{"line":6,"column":23},"end":{"line":6,"column":26}},"5":{"start":{"line":7,"column":21},"end":{"line":7,"column":31}},"6":{"start":{"line":8,"column":22},"end":{"line":8,"column":59}},"7":{"start":{"line":10,"column":8},"end":{"line":10,"column":39}},"8":{"start":{"line":12,"column":8},"end":{"line":12,"column":18}},"9":{"start":{"line":16,"column":0},"end":{"line":26,"column":2}},"10":{"start":{"line":17,"column":4},"end":{"line":25,"column":5}},"11":{"start":{"line":18,"column":23},"end":{"line":18,"column":26}},"12":{"start":{"line":19,"column":29},"end":{"line":19,"column":39}},"13":{"start":{"line":20,"column":28},"end":{"line":20,"column":36}},"14":{"start":{"line":21,"column":21},"end":{"line":21,"column":80}},"15":{"start":{"line":22,"column":8},"end":{"line":22,"column":38}},"16":{"start":{"line":24,"column":8},"end":{"line":24,"column":18}},"17":{"start":{"line":27,"column":0},"end":{"line":35,"column":1}},"18":{"start":{"line":28,"column":4},"end":{"line":34,"column":5}},"19":{"start":{"line":29,"column":23},"end":{"line":29,"column":26}},"20":{"start":{"line":30,"column":22},"end":{"line":30,"column":53}},"21":{"start":{"line":31,"column":8},"end":{"line":31,"column":39}},"22":{"start":{"line":33,"column":8},"end":{"line":33,"column":18}},"23":{"start":{"line":36,"column":0},"end":{"line":46,"column":1}},"24":{"start":{"line":38,"column":4},"end":{"line":44,"column":5}},"25":{"start":{"line":39,"column":23},"end":{"line":39,"column":26}},"26":{"start":{"line":40,"column":22},"end":{"line":40,"column":57}},"27":{"start":{"line":41,"column":8},"end":{"line":41,"column":39}},"28":{"start":{"line":43,"column":8},"end":{"line":43,"column":18}},"29":{"start":{"line":47,"column":0},"end":{"line":57,"column":1}},"30":{"start":{"line":49,"column":4},"end":{"line":56,"column":5}},"31":{"start":{"line":50,"column":23},"end":{"line":50,"column":26}},"32":{"start":{"line":51,"column":33},"end":{"line":51,"column":41}},"33":{"start":{"line":52,"column":22},"end":{"line":52,"column":76}},"34":{"start":{"line":53,"column":8},"end":{"line":53,"column":39}},"35":{"start":{"line":55,"column":8},"end":{"line":55,"column":18}}},"fnMap":{"0":{"name":"(anonymous_0)","decl":{"start":{"line":4,"column":32},"end":{"line":4,"column":33}},"loc":{"start":{"line":4,"column":63},"end":{"line":14,"column":1}},"line":4},"1":{"name":"(anonymous_1)","decl":{"start":{"line":16,"column":34},"end":{"line":16,"column":35}},"loc":{"start":{"line":16,"column":65},"end":{"line":26,"column":1}},"line":16},"2":{"name":"(anonymous_2)","decl":{"start":{"line":27,"column":29},"end":{"line":27,"column":30}},"loc":{"start":{"line":27,"column":59},"end":{"line":35,"column":1}},"line":27},"3":{"name":"(anonymous_3)","decl":{"start":{"line":36,"column":40},"end":{"line":36,"column":41}},"loc":{"start":{"line":36,"column":70},"end":{"line":46,"column":1}},"line":36},"4":{"name":"(anonymous_4)","decl":{"start":{"line":47,"column":40},"end":{"line":47,"column":41}},"loc":{"start":{"line":47,"column":70},"end":{"line":57,"column":1}},"line":47}},"branchMap":{},"s":{"0":1,"1":1,"2":1,"3":2,"4":2,"5":2,"6":2,"7":2,"8":0,"9":1,"10":0,"11":0,"12":0,"13":0,"14":0,"15":0,"16":0,"17":1,"18":1,"19":1,"20":1,"21":1,"22":0,"23":1,"24":1,"25":1,"26":1,"27":1,"28":0,"29":1,"30":4,"31":4,"32":4,"33":4,"34":1,"35":3},"f":{"0":2,"1":0,"2":1,"3":1,"4":4},"b":{},"_coverageSchema":"1a1c01bbd47fc00a2c39e90264f33305004495a9","hash":"4014fca0ac1610458a8cd22666a45192ea31f265"}
,"C:\\Users\\Kseni\\3_jaar\\Web_Expert\\Web_expert_wp3\\vb2\\loaders\\database.js": {"path":"C:\\Users\\Kseni\\3_jaar\\Web_Expert\\Web_expert_wp3\\vb2\\loaders\\database.js","statementMap":{"0":{"start":{"line":1,"column":17},"end":{"line":1,"column":36}},"1":{"start":{"line":4,"column":4},"end":{"line":4,"column":78}},"2":{"start":{"line":6,"column":0},"end":{"line":6,"column":33}}},"fnMap":{"0":{"name":"connectMongoose","decl":{"start":{"line":3,"column":15},"end":{"line":3,"column":30}},"loc":{"start":{"line":3,"column":75},"end":{"line":5,"column":1}},"line":3}},"branchMap":{},"s":{"0":1,"1":1,"2":1},"f":{"0":1},"b":{},"_coverageSchema":"1a1c01bbd47fc00a2c39e90264f33305004495a9","hash":"e226232e981becce8cb8e643003741668dc88ad1"}
,"C:\\Users\\Kseni\\3_jaar\\Web_Expert\\Web_expert_wp3\\vb2\\loaders\\express.js": {"path":"C:\\Users\\Kseni\\3_jaar\\Web_Expert\\Web_expert_wp3\\vb2\\loaders\\express.js","statementMap":{"0":{"start":{"line":1,"column":16},"end":{"line":1,"column":34}},"1":{"start":{"line":2,"column":13},"end":{"line":2,"column":28}},"2":{"start":{"line":3,"column":21},"end":{"line":3,"column":45}},"3":{"start":{"line":4,"column":19},"end":{"line":4,"column":44}},"4":{"start":{"line":5,"column":39},"end":{"line":5,"column":69}},"5":{"start":{"line":8,"column":16},"end":{"line":8,"column":25}},"6":{"start":{"line":9,"column":4},"end":{"line":9,"column":37}},"7":{"start":{"line":10,"column":4},"end":{"line":10,"column":28}},"8":{"start":{"line":11,"column":4},"end":{"line":11,"column":28}},"9":{"start":{"line":12,"column":4},"end":{"line":12,"column":33}},"10":{"start":{"line":13,"column":4},"end":{"line":13,"column":27}},"11":{"start":{"line":14,"column":4},"end":{"line":14,"column":26}},"12":{"start":{"line":15,"column":4},"end":{"line":15,"column":15}},"13":{"start":{"line":17,"column":0},"end":{"line":17,"column":29}}},"fnMap":{"0":{"name":"loadExpress","decl":{"start":{"line":7,"column":9},"end":{"line":7,"column":20}},"loc":{"start":{"line":7,"column":35},"end":{"line":16,"column":1}},"line":7}},"branchMap":{},"s":{"0":1,"1":1,"2":1,"3":1,"4":1,"5":1,"6":1,"7":1,"8":1,"9":1,"10":1,"11":1,"12":1,"13":1},"f":{"0":1},"b":{},"_coverageSchema":"1a1c01bbd47fc00a2c39e90264f33305004495a9","hash":"55491e2062e77315c861aac0f7ff635187779690"}
,"C:\\Users\\Kseni\\3_jaar\\Web_Expert\\Web_expert_wp3\\vb2\\middleware\\authentication.js": {"path":"C:\\Users\\Kseni\\3_jaar\\Web_Expert\\Web_expert_wp3\\vb2\\middleware\\authentication.js","statementMap":{"0":{"start":{"line":1,"column":12},"end":{"line":1,"column":35}},"1":{"start":{"line":2,"column":20},"end":{"line":2,"column":42}},"2":{"start":{"line":3,"column":19},"end":{"line":3,"column":41}},"3":{"start":{"line":5,"column":0},"end":{"line":17,"column":2}},"4":{"start":{"line":6,"column":4},"end":{"line":15,"column":5}},"5":{"start":{"line":7,"column":22},"end":{"line":7,"column":39}},"6":{"start":{"line":8,"column":8},"end":{"line":10,"column":9}},"7":{"start":{"line":9,"column":12},"end":{"line":9,"column":85}},"8":{"start":{"line":11,"column":8},"end":{"line":12,"column":10}},"9":{"start":{"line":14,"column":8},"end":{"line":14,"column":71}},"10":{"start":{"line":16,"column":4},"end":{"line":16,"column":11}},"11":{"start":{"line":19,"column":0},"end":{"line":43,"column":2}},"12":{"start":{"line":20,"column":22},"end":{"line":41,"column":5}},"13":{"start":{"line":21,"column":8},"end":{"line":39,"column":9}},"14":{"start":{"line":22,"column":35},"end":{"line":22,"column":53}},"15":{"start":{"line":23,"column":29},"end":{"line":23,"column":34}},"16":{"start":{"line":24,"column":12},"end":{"line":33,"column":13}},"17":{"start":{"line":25,"column":16},"end":{"line":27,"column":17}},"18":{"start":{"line":26,"column":20},"end":{"line":26,"column":29}},"19":{"start":{"line":28,"column":16},"end":{"line":30,"column":17}},"20":{"start":{"line":29,"column":20},"end":{"line":29,"column":29}},"21":{"start":{"line":31,"column":16},"end":{"line":31,"column":34}},"22":{"start":{"line":32,"column":16},"end":{"line":32,"column":22}},"23":{"start":{"line":34,"column":12},"end":{"line":36,"column":13}},"24":{"start":{"line":35,"column":16},"end":{"line":35,"column":67}},"25":{"start":{"line":38,"column":12},"end":{"line":38,"column":75}},"26":{"start":{"line":40,"column":8},"end":{"line":40,"column":15}},"27":{"start":{"line":42,"column":4},"end":{"line":42,"column":21}}},"fnMap":{"0":{"name":"(anonymous_0)","decl":{"start":{"line":5,"column":30},"end":{"line":5,"column":31}},"loc":{"start":{"line":5,"column":55},"end":{"line":17,"column":1}},"line":5},"1":{"name":"(anonymous_1)","decl":{"start":{"line":19,"column":27},"end":{"line":19,"column":28}},"loc":{"start":{"line":19,"column":51},"end":{"line":43,"column":1}},"line":19},"2":{"name":"(anonymous_2)","decl":{"start":{"line":20,"column":22},"end":{"line":20,"column":23}},"loc":{"start":{"line":20,"column":48},"end":{"line":41,"column":5}},"line":20}},"branchMap":{"0":{"loc":{"start":{"line":8,"column":8},"end":{"line":10,"column":9}},"type":"if","locations":[{"start":{"line":8,"column":8},"end":{"line":10,"column":9}},{"start":{},"end":{}}],"line":8},"1":{"loc":{"start":{"line":25,"column":16},"end":{"line":27,"column":17}},"type":"if","locations":[{"start":{"line":25,"column":16},"end":{"line":27,"column":17}},{"start":{},"end":{}}],"line":25},"2":{"loc":{"start":{"line":28,"column":16},"end":{"line":30,"column":17}},"type":"if","locations":[{"start":{"line":28,"column":16},"end":{"line":30,"column":17}},{"start":{},"end":{}}],"line":28},"3":{"loc":{"start":{"line":28,"column":20},"end":{"line":28,"column":76}},"type":"binary-expr","locations":[{"start":{"line":28,"column":20},"end":{"line":28,"column":36}},{"start":{"line":28,"column":40},"end":{"line":28,"column":76}}],"line":28},"4":{"loc":{"start":{"line":34,"column":12},"end":{"line":36,"column":13}},"type":"if","locations":[{"start":{"line":34,"column":12},"end":{"line":36,"column":13}},{"start":{},"end":{}}],"line":34}},"s":{"0":1,"1":1,"2":1,"3":1,"4":16,"5":16,"6":16,"7":4,"8":12,"9":0,"10":12,"11":1,"12":6,"13":12,"14":12,"15":12,"16":12,"17":14,"18":5,"19":9,"20":1,"21":8,"22":8,"23":12,"24":4,"25":0,"26":8,"27":6},"f":{"0":16,"1":6,"2":12},"b":{"0":[4,12],"1":[5,9],"2":[1,8],"3":[9,2],"4":[4,8]},"_coverageSchema":"1a1c01bbd47fc00a2c39e90264f33305004495a9","hash":"3481ade519dfbe087b1a55cd49afcde9c0ff9a9d"}
,"C:\\Users\\Kseni\\3_jaar\\Web_Expert\\Web_expert_wp3\\vb2\\middleware\\error.js": {"path":"C:\\Users\\Kseni\\3_jaar\\Web_Expert\\Web_expert_wp3\\vb2\\middleware\\error.js","statementMap":{"0":{"start":{"line":1,"column":20},"end":{"line":1,"column":42}},"1":{"start":{"line":2,"column":82},"end":{"line":2,"column":117}},"2":{"start":{"line":5,"column":17},"end":{"line":5,"column":34}},"3":{"start":{"line":6,"column":18},"end":{"line":6,"column":55}},"4":{"start":{"line":7,"column":4},"end":{"line":15,"column":5}},"5":{"start":{"line":8,"column":8},"end":{"line":8,"column":21}},"6":{"start":{"line":9,"column":11},"end":{"line":15,"column":5}},"7":{"start":{"line":10,"column":8},"end":{"line":10,"column":21}},"8":{"start":{"line":11,"column":11},"end":{"line":15,"column":5}},"9":{"start":{"line":12,"column":8},"end":{"line":12,"column":21}},"10":{"start":{"line":13,"column":11},"end":{"line":15,"column":5}},"11":{"start":{"line":14,"column":8},"end":{"line":14,"column":21}},"12":{"start":{"line":16,"column":4},"end":{"line":16,"column":48}},"13":{"start":{"line":20,"column":4},"end":{"line":22,"column":5}},"14":{"start":{"line":21,"column":8},"end":{"line":21,"column":57}},"15":{"start":{"line":23,"column":4},"end":{"line":23,"column":11}},"16":{"start":{"line":26,"column":0},"end":{"line":26,"column":49}}},"fnMap":{"0":{"name":"errorHandler","decl":{"start":{"line":4,"column":9},"end":{"line":4,"column":21}},"loc":{"start":{"line":4,"column":43},"end":{"line":17,"column":1}},"line":4},"1":{"name":"routeNotFound","decl":{"start":{"line":19,"column":9},"end":{"line":19,"column":22}},"loc":{"start":{"line":19,"column":39},"end":{"line":24,"column":1}},"line":19}},"branchMap":{"0":{"loc":{"start":{"line":5,"column":17},"end":{"line":5,"column":34}},"type":"binary-expr","locations":[{"start":{"line":5,"column":17},"end":{"line":5,"column":27}},{"start":{"line":5,"column":31},"end":{"line":5,"column":34}}],"line":5},"1":{"loc":{"start":{"line":6,"column":18},"end":{"line":6,"column":55}},"type":"binary-expr","locations":[{"start":{"line":6,"column":18},"end":{"line":6,"column":29}},{"start":{"line":6,"column":33},"end":{"line":6,"column":55}}],"line":6},"2":{"loc":{"start":{"line":7,"column":4},"end":{"line":15,"column":5}},"type":"if","locations":[{"start":{"line":7,"column":4},"end":{"line":15,"column":5}},{"start":{"line":9,"column":11},"end":{"line":15,"column":5}}],"line":7},"3":{"loc":{"start":{"line":9,"column":11},"end":{"line":15,"column":5}},"type":"if","locations":[{"start":{"line":9,"column":11},"end":{"line":15,"column":5}},{"start":{"line":11,"column":11},"end":{"line":15,"column":5}}],"line":9},"4":{"loc":{"start":{"line":11,"column":11},"end":{"line":15,"column":5}},"type":"if","locations":[{"start":{"line":11,"column":11},"end":{"line":15,"column":5}},{"start":{"line":13,"column":11},"end":{"line":15,"column":5}}],"line":11},"5":{"loc":{"start":{"line":13,"column":11},"end":{"line":15,"column":5}},"type":"if","locations":[{"start":{"line":13,"column":11},"end":{"line":15,"column":5}},{"start":{},"end":{}}],"line":13},"6":{"loc":{"start":{"line":20,"column":4},"end":{"line":22,"column":5}},"type":"if","locations":[{"start":{"line":20,"column":4},"end":{"line":22,"column":5}},{"start":{},"end":{}}],"line":20}},"s":{"0":1,"1":1,"2":13,"3":13,"4":13,"5":0,"6":13,"7":3,"8":10,"9":2,"10":8,"11":0,"12":13,"13":0,"14":0,"15":0,"16":1},"f":{"0":13,"1":0},"b":{"0":[13,5],"1":[13,0],"2":[0,13],"3":[3,10],"4":[2,8],"5":[0,8],"6":[0,0]},"_coverageSchema":"1a1c01bbd47fc00a2c39e90264f33305004495a9","hash":"1e57bb1da2dc4069da7ee6229be47c3a864bd5d4"}
,"C:\\Users\\Kseni\\3_jaar\\Web_Expert\\Web_expert_wp3\\vb2\\models\\taskModel.js": {"path":"C:\\Users\\Kseni\\3_jaar\\Web_Expert\\Web_expert_wp3\\vb2\\models\\taskModel.js","statementMap":{"0":{"start":{"line":1,"column":17},"end":{"line":1,"column":36}},"1":{"start":{"line":3,"column":19},"end":{"line":22,"column":1}},"2":{"start":{"line":10,"column":20},"end":{"line":10,"column":57}},"3":{"start":{"line":12,"column":36},"end":{"line":12,"column":73}},"4":{"start":{"line":24,"column":0},"end":{"line":24,"column":52}}},"fnMap":{"0":{"name":"(anonymous_0)","decl":{"start":{"line":9,"column":27},"end":{"line":9,"column":28}},"loc":{"start":{"line":9,"column":44},"end":{"line":11,"column":17}},"line":9},"1":{"name":"(anonymous_1)","decl":{"start":{"line":12,"column":25},"end":{"line":12,"column":26}},"loc":{"start":{"line":12,"column":36},"end":{"line":12,"column":73}},"line":12}},"branchMap":{},"s":{"0":9,"1":9,"2":22,"3":4,"4":9},"f":{"0":22,"1":4},"b":{},"_coverageSchema":"1a1c01bbd47fc00a2c39e90264f33305004495a9","hash":"65176415ef6029fc7b62b538e171c6407000c3b2"}
,"C:\\Users\\Kseni\\3_jaar\\Web_Expert\\Web_expert_wp3\\vb2\\models\\userModel.js": {"path":"C:\\Users\\Kseni\\3_jaar\\Web_Expert\\Web_expert_wp3\\vb2\\models\\userModel.js","statementMap":{"0":{"start":{"line":1,"column":17},"end":{"line":1,"column":36}},"1":{"start":{"line":2,"column":15},"end":{"line":2,"column":34}},"2":{"start":{"line":4,"column":19},"end":{"line":32,"column":1}},"3":{"start":{"line":15,"column":20},"end":{"line":15,"column":57}},"4":{"start":{"line":17,"column":36},"end":{"line":17,"column":77}},"5":{"start":{"line":34,"column":0},"end":{"line":45,"column":7}},"6":{"start":{"line":37,"column":8},"end":{"line":37,"column":35}},"7":{"start":{"line":38,"column":8},"end":{"line":40,"column":9}},"8":{"start":{"line":39,"column":12},"end":{"line":39,"column":74}},"9":{"start":{"line":41,"column":8},"end":{"line":43,"column":9}},"10":{"start":{"line":42,"column":12},"end":{"line":42,"column":79}},"11":{"start":{"line":44,"column":8},"end":{"line":44,"column":59}},"12":{"start":{"line":47,"column":0},"end":{"line":57,"column":2}},"13":{"start":{"line":48,"column":17},"end":{"line":48,"column":47}},"14":{"start":{"line":49,"column":4},"end":{"line":51,"column":5}},"15":{"start":{"line":50,"column":8},"end":{"line":50,"column":20}},"16":{"start":{"line":52,"column":28},"end":{"line":52,"column":79}},"17":{"start":{"line":53,"column":4},"end":{"line":55,"column":5}},"18":{"start":{"line":54,"column":8},"end":{"line":54,"column":20}},"19":{"start":{"line":56,"column":4},"end":{"line":56,"column":16}},"20":{"start":{"line":59,"column":0},"end":{"line":59,"column":52}}},"fnMap":{"0":{"name":"(anonymous_0)","decl":{"start":{"line":14,"column":27},"end":{"line":14,"column":28}},"loc":{"start":{"line":14,"column":44},"end":{"line":16,"column":17}},"line":14},"1":{"name":"(anonymous_1)","decl":{"start":{"line":17,"column":25},"end":{"line":17,"column":26}},"loc":{"start":{"line":17,"column":36},"end":{"line":17,"column":77}},"line":17},"2":{"name":"(anonymous_2)","decl":{"start":{"line":36,"column":9},"end":{"line":36,"column":10}},"loc":{"start":{"line":36,"column":29},"end":{"line":45,"column":5}},"line":36},"3":{"name":"(anonymous_3)","decl":{"start":{"line":47,"column":42},"end":{"line":47,"column":43}},"loc":{"start":{"line":47,"column":78},"end":{"line":57,"column":1}},"line":47}},"branchMap":{"0":{"loc":{"start":{"line":38,"column":8},"end":{"line":40,"column":9}},"type":"if","locations":[{"start":{"line":38,"column":8},"end":{"line":40,"column":9}},{"start":{},"end":{}}],"line":38},"1":{"loc":{"start":{"line":41,"column":8},"end":{"line":43,"column":9}},"type":"if","locations":[{"start":{"line":41,"column":8},"end":{"line":43,"column":9}},{"start":{},"end":{}}],"line":41},"2":{"loc":{"start":{"line":49,"column":4},"end":{"line":51,"column":5}},"type":"if","locations":[{"start":{"line":49,"column":4},"end":{"line":51,"column":5}},{"start":{},"end":{}}],"line":49},"3":{"loc":{"start":{"line":53,"column":4},"end":{"line":55,"column":5}},"type":"if","locations":[{"start":{"line":53,"column":4},"end":{"line":55,"column":5}},{"start":{},"end":{}}],"line":53}},"s":{"0":9,"1":9,"2":9,"3":5,"4":0,"5":9,"6":14,"7":14,"8":0,"9":14,"10":0,"11":14,"12":9,"13":37,"14":37,"15":10,"16":27,"17":27,"18":4,"19":23,"20":9},"f":{"0":5,"1":0,"2":14,"3":37},"b":{"0":[0,14],"1":[0,14],"2":[10,27],"3":[4,23]},"_coverageSchema":"1a1c01bbd47fc00a2c39e90264f33305004495a9","hash":"eca4903068a61ecd5e6546844b769bc274edc6a2"}
,"C:\\Users\\Kseni\\3_jaar\\Web_Expert\\Web_expert_wp3\\vb2\\routes\\user.js": {"path":"C:\\Users\\Kseni\\3_jaar\\Web_Expert\\Web_expert_wp3\\vb2\\routes\\user.js","statementMap":{"0":{"start":{"line":1,"column":16},"end":{"line":1,"column":34}},"1":{"start":{"line":2,"column":15},"end":{"line":2,"column":31}},"2":{"start":{"line":3,"column":23},"end":{"line":3,"column":63}},"3":{"start":{"line":4,"column":27},"end":{"line":4,"column":71}},"4":{"start":{"line":5,"column":34},"end":{"line":5,"column":73}},"5":{"start":{"line":7,"column":0},"end":{"line":7,"column":48}},"6":{"start":{"line":9,"column":0},"end":{"line":9,"column":50}},"7":{"start":{"line":11,"column":0},"end":{"line":14,"column":35}},"8":{"start":{"line":16,"column":0},"end":{"line":19,"column":35}},"9":{"start":{"line":20,"column":0},"end":{"line":23,"column":37}},"10":{"start":{"line":25,"column":0},"end":{"line":28,"column":32}},"11":{"start":{"line":29,"column":0},"end":{"line":32,"column":43}},"12":{"start":{"line":33,"column":0},"end":{"line":36,"column":43}},"13":{"start":{"line":38,"column":0},"end":{"line":38,"column":24}}},"fnMap":{},"branchMap":{},"s":{"0":1,"1":1,"2":1,"3":1,"4":1,"5":1,"6":1,"7":1,"8":1,"9":1,"10":1,"11":1,"12":1,"13":1},"f":{},"b":{},"_coverageSchema":"1a1c01bbd47fc00a2c39e90264f33305004495a9","hash":"62c149396097d2099375d64eff3261570d060fa6"}
,"C:\\Users\\Kseni\\3_jaar\\Web_Expert\\Web_expert_wp3\\vb2\\services\\ServiceError.js": {"path":"C:\\Users\\Kseni\\3_jaar\\Web_Expert\\Web_expert_wp3\\vb2\\services\\ServiceError.js","statementMap":{"0":{"start":{"line":3,"column":8},"end":{"line":3,"column":23}},"1":{"start":{"line":9,"column":8},"end":{"line":9,"column":23}},"2":{"start":{"line":15,"column":8},"end":{"line":15,"column":23}},"3":{"start":{"line":21,"column":8},"end":{"line":21,"column":23}},"4":{"start":{"line":27,"column":8},"end":{"line":27,"column":23}},"5":{"start":{"line":32,"column":0},"end":{"line":32,"column":105}}},"fnMap":{"0":{"name":"(anonymous_0)","decl":{"start":{"line":2,"column":4},"end":{"line":2,"column":5}},"loc":{"start":{"line":2,"column":25},"end":{"line":4,"column":5}},"line":2},"1":{"name":"(anonymous_1)","decl":{"start":{"line":8,"column":4},"end":{"line":8,"column":5}},"loc":{"start":{"line":8,"column":25},"end":{"line":10,"column":5}},"line":8},"2":{"name":"(anonymous_2)","decl":{"start":{"line":14,"column":4},"end":{"line":14,"column":5}},"loc":{"start":{"line":14,"column":25},"end":{"line":16,"column":5}},"line":14},"3":{"name":"(anonymous_3)","decl":{"start":{"line":20,"column":4},"end":{"line":20,"column":5}},"loc":{"start":{"line":20,"column":25},"end":{"line":22,"column":5}},"line":20},"4":{"name":"(anonymous_4)","decl":{"start":{"line":26,"column":4},"end":{"line":26,"column":5}},"loc":{"start":{"line":26,"column":25},"end":{"line":28,"column":5}},"line":26}},"branchMap":{},"s":{"0":81,"1":21,"2":52,"3":2,"4":6,"5":7},"f":{"0":81,"1":21,"2":52,"3":2,"4":6},"b":{},"_coverageSchema":"1a1c01bbd47fc00a2c39e90264f33305004495a9","hash":"f05812ccc4f08c572acfe122ce084242f8866808"}
,"C:\\Users\\Kseni\\3_jaar\\Web_Expert\\Web_expert_wp3\\vb2\\services\\securityService.js": {"path":"C:\\Users\\Kseni\\3_jaar\\Web_Expert\\Web_expert_wp3\\vb2\\services\\securityService.js","statementMap":{"0":{"start":{"line":3,"column":4},"end":{"line":3,"column":29}},"1":{"start":{"line":4,"column":13},"end":{"line":4,"column":46}},"2":{"start":{"line":8,"column":23},"end":{"line":8,"column":65}},"3":{"start":{"line":9,"column":4},"end":{"line":11,"column":5}},"4":{"start":{"line":10,"column":8},"end":{"line":10,"column":63}},"5":{"start":{"line":12,"column":17},"end":{"line":12,"column":68}},"6":{"start":{"line":13,"column":4},"end":{"line":15,"column":5}},"7":{"start":{"line":14,"column":8},"end":{"line":14,"column":63}},"8":{"start":{"line":16,"column":4},"end":{"line":16,"column":16}},"9":{"start":{"line":19,"column":0},"end":{"line":19,"column":41}}},"fnMap":{"0":{"name":"findUserByCredentials","decl":{"start":{"line":7,"column":15},"end":{"line":7,"column":36}},"loc":{"start":{"line":7,"column":57},"end":{"line":17,"column":1}},"line":7}},"branchMap":{"0":{"loc":{"start":{"line":9,"column":4},"end":{"line":11,"column":5}},"type":"if","locations":[{"start":{"line":9,"column":4},"end":{"line":11,"column":5}},{"start":{},"end":{}}],"line":9},"1":{"loc":{"start":{"line":13,"column":4},"end":{"line":15,"column":5}},"type":"if","locations":[{"start":{"line":13,"column":4},"end":{"line":15,"column":5}},{"start":{},"end":{}}],"line":13}},"s":{"0":3,"1":3,"2":26,"3":26,"4":5,"5":21,"6":21,"7":1,"8":20,"9":3},"f":{"0":26},"b":{"0":[5,21],"1":[1,20]},"_coverageSchema":"1a1c01bbd47fc00a2c39e90264f33305004495a9","hash":"0fee880e791e6d4d96c9e86dd3e6e11b22602aef"}
,"C:\\Users\\Kseni\\3_jaar\\Web_Expert\\Web_expert_wp3\\vb2\\services\\taskService.js": {"path":"C:\\Users\\Kseni\\3_jaar\\Web_Expert\\Web_expert_wp3\\vb2\\services\\taskService.js","statementMap":{"0":{"start":{"line":1,"column":17},"end":{"line":1,"column":36}},"1":{"start":{"line":5,"column":4},"end":{"line":5,"column":29}},"2":{"start":{"line":6,"column":13},"end":{"line":6,"column":46}},"3":{"start":{"line":7,"column":13},"end":{"line":7,"column":46}},"4":{"start":{"line":8,"column":17},"end":{"line":8,"column":40}},"5":{"start":{"line":12,"column":4},"end":{"line":14,"column":5}},"6":{"start":{"line":13,"column":8},"end":{"line":13,"column":57}},"7":{"start":{"line":15,"column":15},"end":{"line":15,"column":38}},"8":{"start":{"line":16,"column":4},"end":{"line":18,"column":5}},"9":{"start":{"line":17,"column":8},"end":{"line":17,"column":66}},"10":{"start":{"line":19,"column":4},"end":{"line":21,"column":5}},"11":{"start":{"line":20,"column":8},"end":{"line":20,"column":35}},"12":{"start":{"line":22,"column":4},"end":{"line":24,"column":5}},"13":{"start":{"line":23,"column":8},"end":{"line":23,"column":25}},"14":{"start":{"line":25,"column":4},"end":{"line":29,"column":5}},"15":{"start":{"line":26,"column":8},"end":{"line":26,"column":33}},"16":{"start":{"line":28,"column":8},"end":{"line":28,"column":71}},"17":{"start":{"line":33,"column":18},"end":{"line":33,"column":37}},"18":{"start":{"line":34,"column":4},"end":{"line":36,"column":5}},"19":{"start":{"line":35,"column":8},"end":{"line":35,"column":55}},"20":{"start":{"line":38,"column":18},"end":{"line":38,"column":37}},"21":{"start":{"line":39,"column":4},"end":{"line":41,"column":5}},"22":{"start":{"line":40,"column":8},"end":{"line":40,"column":55}},"23":{"start":{"line":43,"column":25},"end":{"line":43,"column":27}},"24":{"start":{"line":44,"column":4},"end":{"line":51,"column":5}},"25":{"start":{"line":44,"column":16},"end":{"line":44,"column":17}},"26":{"start":{"line":45,"column":8},"end":{"line":50,"column":9}},"27":{"start":{"line":47,"column":12},"end":{"line":49,"column":13}},"28":{"start":{"line":47,"column":22},"end":{"line":47,"column":23}},"29":{"start":{"line":48,"column":16},"end":{"line":48,"column":55}},"30":{"start":{"line":53,"column":4},"end":{"line":62,"column":5}},"31":{"start":{"line":53,"column":16},"end":{"line":53,"column":17}},"32":{"start":{"line":55,"column":8},"end":{"line":55,"column":45}},"33":{"start":{"line":55,"column":26},"end":{"line":55,"column":43}},"34":{"start":{"line":56,"column":25},"end":{"line":56,"column":64}},"35":{"start":{"line":56,"column":40},"end":{"line":56,"column":63}},"36":{"start":{"line":57,"column":22},"end":{"line":57,"column":45}},"37":{"start":{"line":59,"column":8},"end":{"line":61,"column":9}},"38":{"start":{"line":60,"column":10},"end":{"line":60,"column":33}},"39":{"start":{"line":64,"column":4},"end":{"line":64,"column":17}},"40":{"start":{"line":68,"column":4},"end":{"line":70,"column":5}},"41":{"start":{"line":69,"column":8},"end":{"line":69,"column":67}},"42":{"start":{"line":71,"column":15},"end":{"line":71,"column":42}},"43":{"start":{"line":72,"column":4},"end":{"line":74,"column":5}},"44":{"start":{"line":73,"column":8},"end":{"line":73,"column":68}},"45":{"start":{"line":75,"column":4},"end":{"line":77,"column":5}},"46":{"start":{"line":76,"column":8},"end":{"line":76,"column":69}},"47":{"start":{"line":78,"column":15},"end":{"line":78,"column":42}},"48":{"start":{"line":79,"column":4},"end":{"line":81,"column":5}},"49":{"start":{"line":80,"column":8},"end":{"line":80,"column":68}},"50":{"start":{"line":82,"column":4},"end":{"line":82,"column":32}},"51":{"start":{"line":83,"column":4},"end":{"line":87,"column":5}},"52":{"start":{"line":84,"column":8},"end":{"line":84,"column":33}},"53":{"start":{"line":86,"column":8},"end":{"line":86,"column":71}},"54":{"start":{"line":90,"column":0},"end":{"line":90,"column":65}}},"fnMap":{"0":{"name":"update","decl":{"start":{"line":11,"column":15},"end":{"line":11,"column":21}},"loc":{"start":{"line":11,"column":45},"end":{"line":30,"column":1}},"line":11},"1":{"name":"getAllFreeTasks","decl":{"start":{"line":31,"column":15},"end":{"line":31,"column":30}},"loc":{"start":{"line":31,"column":32},"end":{"line":66,"column":1}},"line":31},"2":{"name":"(anonymous_2)","decl":{"start":{"line":55,"column":22},"end":{"line":55,"column":23}},"loc":{"start":{"line":55,"column":26},"end":{"line":55,"column":43}},"line":55},"3":{"name":"(anonymous_3)","decl":{"start":{"line":56,"column":36},"end":{"line":56,"column":37}},"loc":{"start":{"line":56,"column":40},"end":{"line":56,"column":63}},"line":56},"4":{"name":"postAllowATaskAnUser","decl":{"start":{"line":67,"column":15},"end":{"line":67,"column":35}},"loc":{"start":{"line":67,"column":51},"end":{"line":88,"column":1}},"line":67}},"branchMap":{"0":{"loc":{"start":{"line":12,"column":4},"end":{"line":14,"column":5}},"type":"if","locations":[{"start":{"line":12,"column":4},"end":{"line":14,"column":5}},{"start":{},"end":{}}],"line":12},"1":{"loc":{"start":{"line":12,"column":8},"end":{"line":12,"column":55}},"type":"binary-expr","locations":[{"start":{"line":12,"column":8},"end":{"line":12,"column":30}},{"start":{"line":12,"column":34},"end":{"line":12,"column":55}}],"line":12},"2":{"loc":{"start":{"line":16,"column":4},"end":{"line":18,"column":5}},"type":"if","locations":[{"start":{"line":16,"column":4},"end":{"line":18,"column":5}},{"start":{},"end":{}}],"line":16},"3":{"loc":{"start":{"line":19,"column":4},"end":{"line":21,"column":5}},"type":"if","locations":[{"start":{"line":19,"column":4},"end":{"line":21,"column":5}},{"start":{},"end":{}}],"line":19},"4":{"loc":{"start":{"line":22,"column":4},"end":{"line":24,"column":5}},"type":"if","locations":[{"start":{"line":22,"column":4},"end":{"line":24,"column":5}},{"start":{},"end":{}}],"line":22},"5":{"loc":{"start":{"line":34,"column":4},"end":{"line":36,"column":5}},"type":"if","locations":[{"start":{"line":34,"column":4},"end":{"line":36,"column":5}},{"start":{},"end":{}}],"line":34},"6":{"loc":{"start":{"line":39,"column":4},"end":{"line":41,"column":5}},"type":"if","locations":[{"start":{"line":39,"column":4},"end":{"line":41,"column":5}},{"start":{},"end":{}}],"line":39},"7":{"loc":{"start":{"line":45,"column":8},"end":{"line":50,"column":9}},"type":"if","locations":[{"start":{"line":45,"column":8},"end":{"line":50,"column":9}},{"start":{},"end":{}}],"line":45},"8":{"loc":{"start":{"line":59,"column":8},"end":{"line":61,"column":9}},"type":"if","locations":[{"start":{"line":59,"column":8},"end":{"line":61,"column":9}},{"start":{},"end":{}}],"line":59},"9":{"loc":{"start":{"line":68,"column":4},"end":{"line":70,"column":5}},"type":"if","locations":[{"start":{"line":68,"column":4},"end":{"line":70,"column":5}},{"start":{},"end":{}}],"line":68},"10":{"loc":{"start":{"line":68,"column":8},"end":{"line":68,"column":63}},"type":"binary-expr","locations":[{"start":{"line":68,"column":8},"end":{"line":68,"column":34}},{"start":{"line":68,"column":38},"end":{"line":68,"column":63}}],"line":68},"11":{"loc":{"start":{"line":72,"column":4},"end":{"line":74,"column":5}},"type":"if","locations":[{"start":{"line":72,"column":4},"end":{"line":74,"column":5}},{"start":{},"end":{}}],"line":72},"12":{"loc":{"start":{"line":75,"column":4},"end":{"line":77,"column":5}},"type":"if","locations":[{"start":{"line":75,"column":4},"end":{"line":77,"column":5}},{"start":{},"end":{}}],"line":75},"13":{"loc":{"start":{"line":75,"column":8},"end":{"line":75,"column":63}},"type":"binary-expr","locations":[{"start":{"line":75,"column":8},"end":{"line":75,"column":34}},{"start":{"line":75,"column":38},"end":{"line":75,"column":63}}],"line":75},"14":{"loc":{"start":{"line":79,"column":4},"end":{"line":81,"column":5}},"type":"if","locations":[{"start":{"line":79,"column":4},"end":{"line":81,"column":5}},{"start":{},"end":{}}],"line":79}},"s":{"0":5,"1":5,"2":5,"3":5,"4":5,"5":22,"6":0,"7":22,"8":22,"9":0,"10":22,"11":15,"12":22,"13":17,"14":22,"15":22,"16":10,"17":3,"18":3,"19":2,"20":1,"21":1,"22":0,"23":1,"24":1,"25":1,"26":3,"27":1,"28":1,"29":2,"30":1,"31":1,"32":2,"33":5,"34":2,"35":3,"36":2,"37":2,"38":2,"39":1,"40":29,"41":21,"42":8,"43":8,"44":6,"45":2,"46":1,"47":1,"48":1,"49":0,"50":1,"51":1,"52":1,"53":0,"54":5},"f":{"0":22,"1":3,"2":5,"3":3,"4":29},"b":{"0":[0,22],"1":[22,22],"2":[0,22],"3":[15,7],"4":[17,5],"5":[2,1],"6":[0,1],"7":[1,2],"8":[2,0],"9":[21,8],"10":[29,16],"11":[6,2],"12":[1,1],"13":[2,1],"14":[0,1]},"_coverageSchema":"1a1c01bbd47fc00a2c39e90264f33305004495a9","hash":"49130785b02b6406982bee98e96a2d9b9e4cc687"}
,"C:\\Users\\Kseni\\3_jaar\\Web_Expert\\Web_expert_wp3\\vb2\\services\\userService.js": {"path":"C:\\Users\\Kseni\\3_jaar\\Web_Expert\\Web_expert_wp3\\vb2\\services\\userService.js","statementMap":{"0":{"start":{"line":5,"column":4},"end":{"line":5,"column":29}},"1":{"start":{"line":6,"column":17},"end":{"line":6,"column":36}},"2":{"start":{"line":7,"column":13},"end":{"line":7,"column":46}},"3":{"start":{"line":8,"column":13},"end":{"line":8,"column":46}},"4":{"start":{"line":9,"column":17},"end":{"line":9,"column":40}},"5":{"start":{"line":10,"column":20},"end":{"line":10,"column":44}},"6":{"start":{"line":13,"column":18},"end":{"line":13,"column":37}},"7":{"start":{"line":15,"column":4},"end":{"line":17,"column":5}},"8":{"start":{"line":16,"column":8},"end":{"line":16,"column":55}},"9":{"start":{"line":18,"column":4},"end":{"line":18,"column":17}},"10":{"start":{"line":21,"column":4},"end":{"line":23,"column":5}},"11":{"start":{"line":22,"column":8},"end":{"line":22,"column":57}},"12":{"start":{"line":24,"column":17},"end":{"line":24,"column":40}},"13":{"start":{"line":25,"column":4},"end":{"line":27,"column":5}},"14":{"start":{"line":26,"column":8},"end":{"line":26,"column":54}},"15":{"start":{"line":28,"column":4},"end":{"line":28,"column":16}},"16":{"start":{"line":32,"column":17},"end":{"line":32,"column":35}},"17":{"start":{"line":33,"column":4},"end":{"line":33,"column":56}},"18":{"start":{"line":34,"column":20},"end":{"line":34,"column":32}},"19":{"start":{"line":35,"column":4},"end":{"line":37,"column":16}},"20":{"start":{"line":41,"column":17},"end":{"line":41,"column":35}},"21":{"start":{"line":42,"column":4},"end":{"line":44,"column":5}},"22":{"start":{"line":43,"column":8},"end":{"line":43,"column":65}},"23":{"start":{"line":45,"column":20},"end":{"line":45,"column":62}},"24":{"start":{"line":45,"column":47},"end":{"line":45,"column":61}},"25":{"start":{"line":46,"column":4},"end":{"line":48,"column":5}},"26":{"start":{"line":47,"column":8},"end":{"line":47,"column":86}},"27":{"start":{"line":49,"column":4},"end":{"line":49,"column":57}},"28":{"start":{"line":52,"column":0},"end":{"line":52,"column":77}}},"fnMap":{"0":{"name":"getAllUsers","decl":{"start":{"line":12,"column":15},"end":{"line":12,"column":26}},"loc":{"start":{"line":12,"column":28},"end":{"line":19,"column":1}},"line":12},"1":{"name":"findById","decl":{"start":{"line":20,"column":15},"end":{"line":20,"column":23}},"loc":{"start":{"line":20,"column":29},"end":{"line":29,"column":1}},"line":20},"2":{"name":"findTasksOfUser","decl":{"start":{"line":31,"column":15},"end":{"line":31,"column":30}},"loc":{"start":{"line":31,"column":36},"end":{"line":38,"column":1}},"line":31},"3":{"name":"updateTaskOfUser","decl":{"start":{"line":40,"column":15},"end":{"line":40,"column":31}},"loc":{"start":{"line":40,"column":64},"end":{"line":50,"column":1}},"line":40},"4":{"name":"(anonymous_4)","decl":{"start":{"line":45,"column":37},"end":{"line":45,"column":38}},"loc":{"start":{"line":45,"column":47},"end":{"line":45,"column":61}},"line":45}},"branchMap":{"0":{"loc":{"start":{"line":15,"column":4},"end":{"line":17,"column":5}},"type":"if","locations":[{"start":{"line":15,"column":4},"end":{"line":17,"column":5}},{"start":{},"end":{}}],"line":15},"1":{"loc":{"start":{"line":21,"column":4},"end":{"line":23,"column":5}},"type":"if","locations":[{"start":{"line":21,"column":4},"end":{"line":23,"column":5}},{"start":{},"end":{}}],"line":21},"2":{"loc":{"start":{"line":21,"column":8},"end":{"line":21,"column":55}},"type":"binary-expr","locations":[{"start":{"line":21,"column":8},"end":{"line":21,"column":30}},{"start":{"line":21,"column":34},"end":{"line":21,"column":55}}],"line":21},"3":{"loc":{"start":{"line":25,"column":4},"end":{"line":27,"column":5}},"type":"if","locations":[{"start":{"line":25,"column":4},"end":{"line":27,"column":5}},{"start":{},"end":{}}],"line":25},"4":{"loc":{"start":{"line":42,"column":4},"end":{"line":44,"column":5}},"type":"if","locations":[{"start":{"line":42,"column":4},"end":{"line":44,"column":5}},{"start":{},"end":{}}],"line":42},"5":{"loc":{"start":{"line":42,"column":8},"end":{"line":42,"column":63}},"type":"binary-expr","locations":[{"start":{"line":42,"column":8},"end":{"line":42,"column":34}},{"start":{"line":42,"column":38},"end":{"line":42,"column":63}}],"line":42},"6":{"loc":{"start":{"line":46,"column":4},"end":{"line":48,"column":5}},"type":"if","locations":[{"start":{"line":46,"column":4},"end":{"line":48,"column":5}},{"start":{},"end":{}}],"line":46}},"s":{"0":4,"1":4,"2":4,"3":4,"4":4,"5":4,"6":2,"7":2,"8":1,"9":1,"10":46,"11":16,"12":30,"13":30,"14":12,"15":18,"16":25,"17":8,"18":8,"19":8,"20":11,"21":7,"22":4,"23":3,"24":2,"25":3,"26":2,"27":1,"28":4},"f":{"0":2,"1":46,"2":25,"3":11,"4":2},"b":{"0":[1,1],"1":[16,30],"2":[46,46],"3":[12,18],"4":[4,3],"5":[7,7],"6":[2,1]},"_coverageSchema":"1a1c01bbd47fc00a2c39e90264f33305004495a9","hash":"4dd03e22044683f65bf2a14072768e6c5036e492"}
}
