TN:
SF:controllers\securityController.js
FN:7,(anonymous_0)
FN:36,(anonymous_1)
FN:47,(anonymous_2)
FNF:3
FNH:1
FNDA:16,(anonymous_0)
FNDA:0,(anonymous_1)
FNDA:0,(anonymous_2)
DA:1,1
DA:2,1
DA:3,1
DA:4,1
DA:5,1
DA:7,1
DA:8,16
DA:9,16
DA:10,16
DA:11,16
DA:12,16
DA:13,14
DA:18,14
DA:23,14
DA:29,14
DA:32,2
DA:36,1
DA:37,0
DA:38,0
DA:39,0
DA:40,0
DA:43,0
DA:47,1
DA:48,0
DA:49,0
DA:50,0
DA:51,0
DA:52,0
DA:55,0
LF:29
LH:18
BRF:0
BRH:0
end_of_record
TN:
SF:controllers\userController.js
FN:4,(anonymous_0)
FN:16,(anonymous_1)
FN:27,(anonymous_2)
FN:36,(anonymous_3)
FN:47,(anonymous_4)
FNF:5
FNH:4
FNDA:2,(anonymous_0)
FNDA:0,(anonymous_1)
FNDA:1,(anonymous_2)
FNDA:1,(anonymous_3)
FNDA:4,(anonymous_4)
DA:1,1
DA:2,1
DA:4,1
DA:5,2
DA:6,2
DA:7,2
DA:8,2
DA:10,2
DA:12,0
DA:16,1
DA:17,0
DA:18,0
DA:19,0
DA:20,0
DA:21,0
DA:22,0
DA:24,0
DA:27,1
DA:28,1
DA:29,1
DA:30,1
DA:31,1
DA:33,0
DA:36,1
DA:38,1
DA:39,1
DA:40,1
DA:41,1
DA:43,0
DA:47,1
DA:49,4
DA:50,4
DA:51,4
DA:52,4
DA:53,1
DA:55,3
LF:36
LH:26
BRF:0
BRH:0
end_of_record
TN:
SF:loaders\database.js
FN:3,connectMongoose
FNF:1
FNH:1
FNDA:1,connectMongoose
DA:1,1
DA:4,1
DA:6,1
LF:3
LH:3
BRF:0
BRH:0
end_of_record
TN:
SF:loaders\express.js
FN:7,loadExpress
FNF:1
FNH:1
FNDA:1,loadExpress
DA:1,1
DA:2,1
DA:3,1
DA:4,1
DA:5,1
DA:8,1
DA:9,1
DA:10,1
DA:11,1
DA:12,1
DA:13,1
DA:14,1
DA:15,1
DA:17,1
LF:14
LH:14
BRF:0
BRH:0
end_of_record
TN:
SF:middleware\authentication.js
FN:5,(anonymous_0)
FN:19,(anonymous_1)
FN:20,(anonymous_2)
FNF:3
FNH:3
FNDA:16,(anonymous_0)
FNDA:6,(anonymous_1)
FNDA:12,(anonymous_2)
DA:1,1
DA:2,1
DA:3,1
DA:5,1
DA:6,16
DA:7,16
DA:8,16
DA:9,4
DA:11,12
DA:14,0
DA:16,12
DA:19,1
DA:20,6
DA:21,12
DA:22,12
DA:23,12
DA:24,12
DA:25,14
DA:26,5
DA:28,9
DA:29,1
DA:31,8
DA:32,8
DA:34,12
DA:35,4
DA:38,0
DA:40,8
DA:42,6
LF:28
LH:26
BRDA:8,0,0,4
BRDA:8,0,1,12
BRDA:25,1,0,5
BRDA:25,1,1,9
BRDA:28,2,0,1
BRDA:28,2,1,8
BRDA:28,3,0,9
BRDA:28,3,1,2
BRDA:34,4,0,4
BRDA:34,4,1,8
BRF:10
BRH:10
end_of_record
TN:
SF:middleware\error.js
FN:4,errorHandler
FN:19,routeNotFound
FNF:2
FNH:1
FNDA:13,errorHandler
FNDA:0,routeNotFound
DA:1,1
DA:2,1
DA:5,13
DA:6,13
DA:7,13
DA:8,0
DA:9,13
DA:10,3
DA:11,10
DA:12,2
DA:13,8
DA:14,0
DA:16,13
DA:20,0
DA:21,0
DA:23,0
DA:26,1
LF:17
LH:12
BRDA:5,0,0,13
BRDA:5,0,1,5
BRDA:6,1,0,13
BRDA:6,1,1,0
BRDA:7,2,0,0
BRDA:7,2,1,13
BRDA:9,3,0,3
BRDA:9,3,1,10
BRDA:11,4,0,2
BRDA:11,4,1,8
BRDA:13,5,0,0
BRDA:13,5,1,8
BRDA:20,6,0,0
BRDA:20,6,1,0
BRF:14
BRH:9
end_of_record
TN:
SF:models\taskModel.js
FN:9,(anonymous_0)
FN:12,(anonymous_1)
FNF:2
FNH:2
FNDA:22,(anonymous_0)
FNDA:4,(anonymous_1)
DA:1,9
DA:3,9
DA:10,22
DA:12,4
DA:24,9
LF:5
LH:5
BRF:0
BRH:0
end_of_record
TN:
SF:models\userModel.js
FN:14,(anonymous_0)
FN:17,(anonymous_1)
FN:36,(anonymous_2)
FN:47,(anonymous_3)
FNF:4
FNH:3
FNDA:5,(anonymous_0)
FNDA:0,(anonymous_1)
FNDA:14,(anonymous_2)
FNDA:37,(anonymous_3)
DA:1,9
DA:2,9
DA:4,9
DA:15,5
DA:17,0
DA:34,9
DA:37,14
DA:38,14
DA:39,0
DA:41,14
DA:42,0
DA:44,14
DA:47,9
DA:48,37
DA:49,37
DA:50,10
DA:52,27
DA:53,27
DA:54,4
DA:56,23
DA:59,9
LF:21
LH:18
BRDA:38,0,0,0
BRDA:38,0,1,14
BRDA:41,1,0,0
BRDA:41,1,1,14
BRDA:49,2,0,10
BRDA:49,2,1,27
BRDA:53,3,0,4
BRDA:53,3,1,23
BRF:8
BRH:6
end_of_record
TN:
SF:routes\user.js
FNF:0
FNH:0
DA:1,1
DA:2,1
DA:3,1
DA:4,1
DA:5,1
DA:7,1
DA:9,1
DA:11,1
DA:16,1
DA:20,1
DA:25,1
DA:29,1
DA:33,1
DA:38,1
LF:14
LH:14
BRF:0
BRH:0
end_of_record
TN:
SF:services\ServiceError.js
FN:2,(anonymous_0)
FN:8,(anonymous_1)
FN:14,(anonymous_2)
FN:20,(anonymous_3)
FN:26,(anonymous_4)
FNF:5
FNH:5
FNDA:81,(anonymous_0)
FNDA:21,(anonymous_1)
FNDA:52,(anonymous_2)
FNDA:2,(anonymous_3)
FNDA:6,(anonymous_4)
DA:3,81
DA:9,21
DA:15,52
DA:21,2
DA:27,6
DA:32,7
LF:6
LH:6
BRF:0
BRH:0
end_of_record
TN:
SF:services\securityService.js
FN:7,findUserByCredentials
FNF:1
FNH:1
FNDA:26,findUserByCredentials
DA:3,3
DA:4,3
DA:8,26
DA:9,26
DA:10,5
DA:12,21
DA:13,21
DA:14,1
DA:16,20
DA:19,3
LF:10
LH:10
BRDA:9,0,0,5
BRDA:9,0,1,21
BRDA:13,1,0,1
BRDA:13,1,1,20
BRF:4
BRH:4
end_of_record
TN:
SF:services\taskService.js
FN:11,update
FN:31,getAllFreeTasks
FN:55,(anonymous_2)
FN:56,(anonymous_3)
FN:67,postAllowATaskAnUser
FNF:5
FNH:5
FNDA:22,update
FNDA:3,getAllFreeTasks
FNDA:5,(anonymous_2)
FNDA:3,(anonymous_3)
FNDA:29,postAllowATaskAnUser
DA:1,5
DA:5,5
DA:6,5
DA:7,5
DA:8,5
DA:12,22
DA:13,0
DA:15,22
DA:16,22
DA:17,0
DA:19,22
DA:20,15
DA:22,22
DA:23,17
DA:25,22
DA:26,22
DA:28,10
DA:33,3
DA:34,3
DA:35,2
DA:38,1
DA:39,1
DA:40,0
DA:43,1
DA:44,1
DA:45,3
DA:47,1
DA:48,2
DA:53,1
DA:55,5
DA:56,3
DA:57,2
DA:59,2
DA:60,2
DA:64,1
DA:68,29
DA:69,21
DA:71,8
DA:72,8
DA:73,6
DA:75,2
DA:76,1
DA:78,1
DA:79,1
DA:80,0
DA:82,1
DA:83,1
DA:84,1
DA:86,0
DA:90,5
LF:50
LH:45
BRDA:12,0,0,0
BRDA:12,0,1,22
BRDA:12,1,0,22
BRDA:12,1,1,22
BRDA:16,2,0,0
BRDA:16,2,1,22
BRDA:19,3,0,15
BRDA:19,3,1,7
BRDA:22,4,0,17
BRDA:22,4,1,5
BRDA:34,5,0,2
BRDA:34,5,1,1
BRDA:39,6,0,0
BRDA:39,6,1,1
BRDA:45,7,0,1
BRDA:45,7,1,2
BRDA:59,8,0,2
BRDA:59,8,1,0
BRDA:68,9,0,21
BRDA:68,9,1,8
BRDA:68,10,0,29
BRDA:68,10,1,16
BRDA:72,11,0,6
BRDA:72,11,1,2
BRDA:75,12,0,1
BRDA:75,12,1,1
BRDA:75,13,0,2
BRDA:75,13,1,1
BRDA:79,14,0,0
BRDA:79,14,1,1
BRF:30
BRH:25
end_of_record
TN:
SF:services\userService.js
FN:12,getAllUsers
FN:20,findById
FN:31,findTasksOfUser
FN:40,updateTaskOfUser
FN:45,(anonymous_4)
FNF:5
FNH:5
FNDA:2,getAllUsers
FNDA:46,findById
FNDA:25,findTasksOfUser
FNDA:11,updateTaskOfUser
FNDA:2,(anonymous_4)
DA:5,4
DA:6,4
DA:7,4
DA:8,4
DA:9,4
DA:10,4
DA:13,2
DA:15,2
DA:16,1
DA:18,1
DA:21,46
DA:22,16
DA:24,30
DA:25,30
DA:26,12
DA:28,18
DA:32,25
DA:33,8
DA:34,8
DA:35,8
DA:41,11
DA:42,7
DA:43,4
DA:45,3
DA:46,3
DA:47,2
DA:49,1
DA:52,4
LF:28
LH:28
BRDA:15,0,0,1
BRDA:15,0,1,1
BRDA:21,1,0,16
BRDA:21,1,1,30
BRDA:21,2,0,46
BRDA:21,2,1,46
BRDA:25,3,0,12
BRDA:25,3,1,18
BRDA:42,4,0,4
BRDA:42,4,1,3
BRDA:42,5,0,7
BRDA:42,5,1,7
BRDA:46,6,0,2
BRDA:46,6,1,1
BRF:14
BRH:14
end_of_record
